<?xml version="1.0" encoding="UTF-8"?>
<!-- Generated by org.testng.reporters.JUnitReportReporter -->
<testsuite hostname="DESKTOP-QHJUV5M" name="Parameter_in_RestApi.Form_Param" tests="1" failures="0" timestamp="3 Apr 2020 17:59:35 GMT" time="5.334" errors="0">
  <testcase name="fetch_Data_By_Param" time="5.334" classname="Parameter_in_RestApi.Form_Param"/>
</testsuite> <!-- Parameter_in_RestApi.Form_Param -->
