<?xml version="1.0" encoding="UTF-8"?>
<!-- Generated by org.testng.reporters.JUnitReportReporter -->
<testsuite hostname="DESKTOP-QHJUV5M" name="Rest_Api.REST_Api.Post_Assured" tests="1" failures="0" timestamp="17 Jan 2020 12:04:44 GMT" time="2.135" errors="0">
  <testcase name="check_Post" time="2.135" classname="Rest_Api.REST_Api.Post_Assured"/>
</testsuite> <!-- Rest_Api.REST_Api.Post_Assured -->
