<?xml version="1.0" encoding="UTF-8"?>
<!-- Generated by org.testng.reporters.JUnitReportReporter -->
<testsuite hostname="DESKTOP-QHJUV5M" name="Parameter_in_RestApi.Param_para" tests="1" failures="0" timestamp="27 Mar 2020 06:52:17 GMT" time="4.692" errors="0">
  <testcase name="Fetch_Data_PP" time="4.692" classname="Parameter_in_RestApi.Param_para"/>
</testsuite> <!-- Parameter_in_RestApi.Param_para -->
