<?xml version="1.0" encoding="UTF-8"?>
<!-- Generated by org.testng.reporters.JUnitReportReporter -->
<testsuite hostname="DESKTOP-QHJUV5M" name="Rest_Api.REST_Api.Put_Assured" tests="1" failures="0" timestamp="17 Jan 2020 12:09:00 GMT" time="2.247" errors="0">
  <testcase name="Check_Put" time="2.247" classname="Rest_Api.REST_Api.Put_Assured"/>
</testsuite> <!-- Rest_Api.REST_Api.Put_Assured -->
