<?xml version="1.0" encoding="UTF-8"?>
<!-- Generated by org.testng.reporters.JUnitReportReporter -->
<testsuite hostname="DESKTOP-QHJUV5M" name="Rest_Api.REST_Api.Get_Assured" tests="1" failures="0" timestamp="17 Jan 2020 11:12:00 GMT" time="7.091" errors="0">
  <testcase name="CheckGet" time="7.091" classname="Rest_Api.REST_Api.Get_Assured"/>
</testsuite> <!-- Rest_Api.REST_Api.Get_Assured -->
