<?xml version="1.0" encoding="UTF-8"?>
<!-- Generated by org.testng.reporters.JUnitReportReporter -->
<testsuite hostname="DESKTOP-QHJUV5M" name="Parameter_in_RestApi.Query_Param" tests="1" failures="0" timestamp="27 Mar 2020 05:56:50 GMT" time="7.964" errors="0">
  <testcase name="Fetch_Data" time="7.964" classname="Parameter_in_RestApi.Query_Param"/>
</testsuite> <!-- Parameter_in_RestApi.Query_Param -->
