<?xml version="1.0" encoding="UTF-8"?>
<!-- Generated by org.testng.reporters.JUnitReportReporter -->
<testsuite hostname="DESKTOP-QHJUV5M" name="Rest_Api.REST_Api.Delete_Assured" tests="1" failures="0" timestamp="17 Jan 2020 11:46:18 GMT" time="2.337" errors="0">
  <testcase name="Check_Delete" time="2.337" classname="Rest_Api.REST_Api.Delete_Assured"/>
</testsuite> <!-- Rest_Api.REST_Api.Delete_Assured -->
