<?xml version="1.0" encoding="UTF-8"?>
<!-- Generated by org.testng.reporters.JUnitReportReporter -->
<testsuite hostname="DESKTOP-QHJUV5M" name="com.api.TestScript.FetchAllCountryTest" tests="1" failures="0" timestamp="31 Jan 2020 12:56:01 GMT" time="5.233" errors="0">
  <testcase name="getCountryDetails" time="5.233" classname="com.api.TestScript.FetchAllCountryTest"/>
</testsuite> <!-- com.api.TestScript.FetchAllCountryTest -->
